{"/Users/v0d1ch/PhpstormProjects/flib/src/flib.js":{"path":"/Users/v0d1ch/PhpstormProjects/flib/src/flib.js","s":{"1":1,"2":1,"3":1,"4":2,"5":0,"6":0,"7":1,"8":0,"9":1,"10":2,"11":0,"12":0,"13":0,"14":0,"15":0,"16":0,"17":2,"18":2,"19":0,"20":1,"21":0,"22":1,"23":0,"24":0,"25":0,"26":0,"27":1,"28":0,"29":0,"30":0,"31":0,"32":1,"33":0,"34":0,"35":0,"36":0,"37":0,"38":0,"39":0,"40":1,"41":0,"42":0,"43":0,"44":1,"45":1,"46":1,"47":0,"48":0,"49":0,"50":0},"b":{"1":[2,0],"2":[2,2],"3":[0,0],"4":[0,0],"5":[0,0,0],"6":[0,0],"7":[0,0],"8":[1,0],"9":[0,0],"10":[0,0]},"f":{"1":1,"2":2,"3":0,"4":0,"5":1,"6":0,"7":1,"8":0,"9":0,"10":0,"11":0,"12":0,"13":0,"14":0,"15":0,"16":0,"17":0,"18":0,"19":0,"20":0,"21":0,"22":0},"fnMap":{"1":{"name":"(anonymous_1)","line":1,"loc":{"start":{"line":1,"column":1},"end":{"line":1,"column":11}}},"2":{"name":"(anonymous_2)","line":14,"loc":{"start":{"line":14,"column":13},"end":{"line":14,"column":29}}},"3":{"name":"(anonymous_3)","line":16,"loc":{"start":{"line":16,"column":9},"end":{"line":16,"column":22}}},"4":{"name":"(anonymous_4)","line":19,"loc":{"start":{"line":19,"column":13},"end":{"line":19,"column":24}}},"5":{"name":"(anonymous_5)","line":22,"loc":{"start":{"line":22,"column":8},"end":{"line":22,"column":19}}},"6":{"name":"(anonymous_6)","line":25,"loc":{"start":{"line":25,"column":10},"end":{"line":25,"column":28}}},"7":{"name":"(anonymous_7)","line":28,"loc":{"start":{"line":28,"column":13},"end":{"line":28,"column":23}}},"8":{"name":"Just","line":33,"loc":{"start":{"line":33,"column":13},"end":{"line":33,"column":34}}},"9":{"name":"(anonymous_9)","line":35,"loc":{"start":{"line":35,"column":10},"end":{"line":35,"column":23}}},"10":{"name":"(anonymous_10)","line":38,"loc":{"start":{"line":38,"column":14},"end":{"line":38,"column":25}}},"11":{"name":"(anonymous_11)","line":41,"loc":{"start":{"line":41,"column":9},"end":{"line":41,"column":20}}},"12":{"name":"(anonymous_12)","line":44,"loc":{"start":{"line":44,"column":11},"end":{"line":44,"column":29}}},"13":{"name":"(anonymous_13)","line":47,"loc":{"start":{"line":47,"column":14},"end":{"line":47,"column":24}}},"14":{"name":"id","line":60,"loc":{"start":{"line":60,"column":10},"end":{"line":60,"column":24}}},"15":{"name":"reverse","line":64,"loc":{"start":{"line":64,"column":15},"end":{"line":64,"column":43}}},"16":{"name":"(anonymous_16)","line":65,"loc":{"start":{"line":65,"column":9},"end":{"line":65,"column":21}}},"17":{"name":"_curry1","line":76,"loc":{"start":{"line":76,"column":14},"end":{"line":76,"column":35}}},"18":{"name":"f1","line":77,"loc":{"start":{"line":77,"column":9},"end":{"line":77,"column":24}}},"19":{"name":"compose","line":87,"loc":{"start":{"line":87,"column":15},"end":{"line":87,"column":34}}},"20":{"name":"(anonymous_20)","line":93,"loc":{"start":{"line":93,"column":9},"end":{"line":93,"column":27}}},"21":{"name":"mmap","line":103,"loc":{"start":{"line":103,"column":12},"end":{"line":103,"column":31}}},"22":{"name":"(anonymous_22)","line":121,"loc":{"start":{"line":121,"column":9},"end":{"line":121,"column":20}}}},"statementMap":{"1":{"start":{"line":1,"column":0},"end":{"line":126,"column":14}},"2":{"start":{"line":9,"column":1},"end":{"line":9,"column":17}},"3":{"start":{"line":14,"column":1},"end":{"line":57,"column":3}},"4":{"start":{"line":15,"column":2},"end":{"line":31,"column":4}},"5":{"start":{"line":17,"column":4},"end":{"line":17,"column":16}},"6":{"start":{"line":20,"column":4},"end":{"line":20,"column":17}},"7":{"start":{"line":23,"column":4},"end":{"line":23,"column":56}},"8":{"start":{"line":26,"column":4},"end":{"line":26,"column":15}},"9":{"start":{"line":29,"column":4},"end":{"line":29,"column":21}},"10":{"start":{"line":33,"column":2},"end":{"line":51,"column":4}},"11":{"start":{"line":34,"column":3},"end":{"line":50,"column":5}},"12":{"start":{"line":36,"column":5},"end":{"line":36,"column":40}},"13":{"start":{"line":39,"column":5},"end":{"line":39,"column":17}},"14":{"start":{"line":42,"column":5},"end":{"line":42,"column":18}},"15":{"start":{"line":45,"column":5},"end":{"line":45,"column":33}},"16":{"start":{"line":48,"column":5},"end":{"line":48,"column":19}},"17":{"start":{"line":53,"column":2},"end":{"line":54,"column":18}},"18":{"start":{"line":54,"column":3},"end":{"line":54,"column":18}},"19":{"start":{"line":56,"column":2},"end":{"line":56,"column":21}},"20":{"start":{"line":60,"column":1},"end":{"line":62,"column":2}},"21":{"start":{"line":61,"column":2},"end":{"line":61,"column":11}},"22":{"start":{"line":64,"column":1},"end":{"line":72,"column":3}},"23":{"start":{"line":65,"column":2},"end":{"line":71,"column":4}},"24":{"start":{"line":66,"column":3},"end":{"line":68,"column":4}},"25":{"start":{"line":67,"column":4},"end":{"line":67,"column":33}},"26":{"start":{"line":70,"column":3},"end":{"line":70,"column":55}},"27":{"start":{"line":76,"column":1},"end":{"line":84,"column":3}},"28":{"start":{"line":77,"column":2},"end":{"line":83,"column":4}},"29":{"start":{"line":78,"column":3},"end":{"line":82,"column":4}},"30":{"start":{"line":79,"column":4},"end":{"line":79,"column":14}},"31":{"start":{"line":81,"column":4},"end":{"line":81,"column":37}},"32":{"start":{"line":87,"column":1},"end":{"line":100,"column":3}},"33":{"start":{"line":88,"column":2},"end":{"line":90,"column":3}},"34":{"start":{"line":89,"column":3},"end":{"line":89,"column":32}},"35":{"start":{"line":91,"column":2},"end":{"line":91,"column":27}},"36":{"start":{"line":93,"column":2},"end":{"line":99,"column":4}},"37":{"start":{"line":94,"column":3},"end":{"line":96,"column":4}},"38":{"start":{"line":95,"column":4},"end":{"line":95,"column":39}},"39":{"start":{"line":98,"column":3},"end":{"line":98,"column":17}},"40":{"start":{"line":103,"column":1},"end":{"line":107,"column":2}},"41":{"start":{"line":104,"column":2},"end":{"line":104,"column":91}},"42":{"start":{"line":104,"column":60},"end":{"line":104,"column":91}},"43":{"start":{"line":106,"column":2},"end":{"line":106,"column":39}},"44":{"start":{"line":109,"column":1},"end":{"line":115,"column":3}},"45":{"start":{"line":118,"column":1},"end":{"line":124,"column":2}},"46":{"start":{"line":119,"column":2},"end":{"line":119,"column":21}},"47":{"start":{"line":120,"column":8},"end":{"line":124,"column":2}},"48":{"start":{"line":121,"column":2},"end":{"line":121,"column":35}},"49":{"start":{"line":121,"column":22},"end":{"line":121,"column":31}},"50":{"start":{"line":123,"column":2},"end":{"line":123,"column":13}}},"branchMap":{"1":{"line":53,"type":"if","locations":[{"start":{"line":53,"column":2},"end":{"line":53,"column":2}},{"start":{"line":53,"column":2},"end":{"line":53,"column":2}}]},"2":{"line":53,"type":"binary-expr","locations":[{"start":{"line":53,"column":6},"end":{"line":53,"column":34}},{"start":{"line":53,"column":38},"end":{"line":53,"column":52}}]},"3":{"line":70,"type":"binary-expr","locations":[{"start":{"line":70,"column":19},"end":{"line":70,"column":24}},{"start":{"line":70,"column":28},"end":{"line":70,"column":37}}]},"4":{"line":78,"type":"if","locations":[{"start":{"line":78,"column":3},"end":{"line":78,"column":3}},{"start":{"line":78,"column":3},"end":{"line":78,"column":3}}]},"5":{"line":78,"type":"binary-expr","locations":[{"start":{"line":78,"column":7},"end":{"line":78,"column":29}},{"start":{"line":78,"column":33},"end":{"line":78,"column":42}},{"start":{"line":78,"column":46},"end":{"line":78,"column":67}}]},"6":{"line":104,"type":"if","locations":[{"start":{"line":104,"column":2},"end":{"line":104,"column":2}},{"start":{"line":104,"column":2},"end":{"line":104,"column":2}}]},"7":{"line":104,"type":"binary-expr","locations":[{"start":{"line":104,"column":5},"end":{"line":104,"column":28}},{"start":{"line":104,"column":32},"end":{"line":104,"column":58}}]},"8":{"line":118,"type":"if","locations":[{"start":{"line":118,"column":1},"end":{"line":118,"column":1}},{"start":{"line":118,"column":1},"end":{"line":118,"column":1}}]},"9":{"line":120,"type":"if","locations":[{"start":{"line":120,"column":8},"end":{"line":120,"column":8}},{"start":{"line":120,"column":8},"end":{"line":120,"column":8}}]},"10":{"line":120,"type":"binary-expr","locations":[{"start":{"line":120,"column":12},"end":{"line":120,"column":40}},{"start":{"line":120,"column":44},"end":{"line":120,"column":54}}]}}}}