TN:
SF:/Users/v0d1ch/PhpstormProjects/flib/src/flib.js
FN:1,(anonymous_1)
FN:14,(anonymous_2)
FN:16,(anonymous_3)
FN:19,(anonymous_4)
FN:22,(anonymous_5)
FN:25,(anonymous_6)
FN:28,(anonymous_7)
FN:33,Just
FN:35,(anonymous_9)
FN:38,(anonymous_10)
FN:41,(anonymous_11)
FN:44,(anonymous_12)
FN:47,(anonymous_13)
FN:60,id
FN:64,reverse
FN:65,(anonymous_16)
FN:76,_curry1
FN:77,f1
FN:87,compose
FN:93,(anonymous_20)
FN:103,mmap
FN:121,(anonymous_22)
FNF:22
FNH:4
FNDA:1,(anonymous_1)
FNDA:2,(anonymous_2)
FNDA:0,(anonymous_3)
FNDA:0,(anonymous_4)
FNDA:1,(anonymous_5)
FNDA:0,(anonymous_6)
FNDA:1,(anonymous_7)
FNDA:0,Just
FNDA:0,(anonymous_9)
FNDA:0,(anonymous_10)
FNDA:0,(anonymous_11)
FNDA:0,(anonymous_12)
FNDA:0,(anonymous_13)
FNDA:0,id
FNDA:0,reverse
FNDA:0,(anonymous_16)
FNDA:0,_curry1
FNDA:0,f1
FNDA:0,compose
FNDA:0,(anonymous_20)
FNDA:0,mmap
FNDA:0,(anonymous_22)
DA:1,1
DA:9,1
DA:14,1
DA:15,2
DA:17,0
DA:20,0
DA:23,1
DA:26,0
DA:29,1
DA:33,2
DA:34,0
DA:36,0
DA:39,0
DA:42,0
DA:45,0
DA:48,0
DA:53,2
DA:54,2
DA:56,0
DA:60,1
DA:61,0
DA:64,1
DA:65,0
DA:66,0
DA:67,0
DA:70,0
DA:76,1
DA:77,0
DA:78,0
DA:79,0
DA:81,0
DA:87,1
DA:88,0
DA:89,0
DA:91,0
DA:93,0
DA:94,0
DA:95,0
DA:98,0
DA:103,1
DA:104,0
DA:106,0
DA:109,1
DA:118,1
DA:119,1
DA:120,0
DA:121,0
DA:123,0
LF:48
LH:17
BRDA:53,1,0,2
BRDA:53,1,1,0
BRDA:53,2,0,2
BRDA:53,2,1,2
BRDA:70,3,0,0
BRDA:70,3,1,0
BRDA:78,4,0,0
BRDA:78,4,1,0
BRDA:78,5,0,0
BRDA:78,5,1,0
BRDA:78,5,2,0
BRDA:104,6,0,0
BRDA:104,6,1,0
BRDA:104,7,0,0
BRDA:104,7,1,0
BRDA:118,8,0,1
BRDA:118,8,1,0
BRDA:120,9,0,0
BRDA:120,9,1,0
BRDA:120,10,0,0
BRDA:120,10,1,0
BRF:21
BRH:4
end_of_record
